<?xml version="1.0" encoding="UTF-8"?>
<!-- Generated by org.testng.reporters.JUnitXMLReporter -->
<testsuite hostname="MABOSSSABHAR-L1" ignored="0" name="Default test" tests="2" failures="0" timestamp="2021-01-27T17:35:07 EST" time="4.607" errors="0">
  <testcase name="get_User_List" time="4.165" classname="test_RestFulAPI_Package.Test2_RestFul_Get_And_Post_Test"/>
  <testcase name="post_Create_User" time="0.39" classname="test_RestFulAPI_Package.Test2_RestFul_Get_And_Post_Test"/>
</testsuite> <!-- Default test -->
