<?xml version="1.0" encoding="UTF-8"?>
<testng-results skipped="0" failed="0" ignored="0" total="2" passed="2">
  <reporter-output>
  </reporter-output>
  <suite name="Default suite" duration-ms="4607" started-at="2021-01-27T17:35:03 EST" finished-at="2021-01-27T17:35:07 EST">
    <groups>
    </groups>
    <test name="Default test" duration-ms="4607" started-at="2021-01-27T17:35:03 EST" finished-at="2021-01-27T17:35:07 EST">
      <class name="test_RestFulAPI_Package.Test2_RestFul_Get_And_Post_Test">
        <test-method status="PASS" signature="get_User_List()[pri:0, instance:test_RestFulAPI_Package.Test2_RestFul_Get_And_Post_Test@72b6cbcc]" name="get_User_List" duration-ms="4165" started-at="2021-01-27T17:35:03 EST" finished-at="2021-01-27T17:35:07 EST">
          <reporter-output>
          </reporter-output>
        </test-method> <!-- get_User_List -->
        <test-method status="PASS" signature="post_Create_User()[pri:0, instance:test_RestFulAPI_Package.Test2_RestFul_Get_And_Post_Test@72b6cbcc]" name="post_Create_User" duration-ms="390" started-at="2021-01-27T17:35:07 EST" finished-at="2021-01-27T17:35:07 EST">
          <reporter-output>
          </reporter-output>
        </test-method> <!-- post_Create_User -->
      </class> <!-- test_RestFulAPI_Package.Test2_RestFul_Get_And_Post_Test -->
    </test> <!-- Default test -->
  </suite> <!-- Default suite -->
</testng-results>
